<?xml version="1.0" encoding="UTF-8"?>
<testng-results ignored="0" total="4" passed="4" failed="0" skipped="0">
  <reporter-output>
    <line>
      <![CDATA[on start of the test case]]>
    </line>
    <line>
      <![CDATA[on test Start]]>
    </line>
    <line>
      <![CDATA[Facebook – log in or sign up]]>
    </line>
    <line>
      <![CDATA[https://www.facebook.com/login/?privacy_mutation_token=eyJ0eXBlIjowLCJjcmVhdGlvbl90aW1lIjoxNzIwMDk2ODQzLCJjYWxsc2l0ZV9pZCI6MzgxMjI5MDc5NTc1OTQ2fQ%3D%3D&next]]>
    </line>
    <line>
      <![CDATA[on test Success]]>
    </line>
    <line>
      <![CDATA[on test Start]]>
    </line>
    <line>
      <![CDATA[Log in to Facebook]]>
    </line>
    <line>
      <![CDATA[https://www.facebook.com/login/?privacy_mutation_token=eyJ0eXBlIjowLCJjcmVhdGlvbl90aW1lIjoxNzIwMDk2ODU3LCJjYWxsc2l0ZV9pZCI6MzgxMjI5MDc5NTc1OTQ2fQ%3D%3D&next]]>
    </line>
    <line>
      <![CDATA[on test Success]]>
    </line>
    <line>
      <![CDATA[on test Start]]>
    </line>
    <line>
      <![CDATA[Facebook – log in or sign up]]>
    </line>
    <line>
      <![CDATA[https://www.facebook.com/login/?privacy_mutation_token=eyJ0eXBlIjowLCJjcmVhdGlvbl90aW1lIjoxNzIwMDk2ODY4LCJjYWxsc2l0ZV9pZCI6MzgxMjI5MDc5NTc1OTQ2fQ%3D%3D&next]]>
    </line>
    <line>
      <![CDATA[on test Success]]>
    </line>
    <line>
      <![CDATA[on test Start]]>
    </line>
    <line>
      <![CDATA[Log in to Facebook]]>
    </line>
    <line>
      <![CDATA[https://www.facebook.com/login/?privacy_mutation_token=eyJ0eXBlIjowLCJjcmVhdGlvbl90aW1lIjoxNzIwMDk2ODgzLCJjYWxsc2l0ZV9pZCI6MzgxMjI5MDc5NTc1OTQ2fQ%3D%3D&next]]>
    </line>
    <line>
      <![CDATA[on test Success]]>
    </line>
  </reporter-output>
  <suite started-at="2024-07-04T18:10:40 IST" name="Default suite" finished-at="2024-07-04T18:11:30 IST" duration-ms="50698">
    <groups>
    </groups>
    <test started-at="2024-07-04T18:10:40 IST" name="Default test" finished-at="2024-07-04T18:11:30 IST" duration-ms="50698">
      <class name="testNG_programs.TestCase_10">
        <test-method signature="faceBook(java.lang.String,java.lang.String)[pri:0, instance:testNG_programs.TestCase_10@31e5415e]" started-at="2024-07-04T18:10:40 IST" name="faceBook" data-provider="data" finished-at="2024-07-04T18:10:56 IST" duration-ms="16262" status="PASS">
          <params>
            <param index="0">
              <value>
                <![CDATA[admin]]>
              </value>
            </param>
            <param index="1">
              <value>
                <![CDATA[manager]]>
              </value>
            </param>
          </params>
          <reporter-output>
            <line>
              <![CDATA[on test Start]]>
            </line>
            <line>
              <![CDATA[Facebook – log in or sign up]]>
            </line>
            <line>
              <![CDATA[https://www.facebook.com/login/?privacy_mutation_token=eyJ0eXBlIjowLCJjcmVhdGlvbl90aW1lIjoxNzIwMDk2ODQzLCJjYWxsc2l0ZV9pZCI6MzgxMjI5MDc5NTc1OTQ2fQ%3D%3D&next]]>
            </line>
            <line>
              <![CDATA[on test Success]]>
            </line>
          </reporter-output>
        </test-method> <!-- faceBook -->
        <test-method signature="faceBook(java.lang.String,java.lang.String)[pri:0, instance:testNG_programs.TestCase_10@31e5415e]" started-at="2024-07-04T18:10:56 IST" name="faceBook" data-provider="data" finished-at="2024-07-04T18:11:05 IST" duration-ms="8525" status="PASS">
          <params>
            <param index="0">
              <value>
                <![CDATA[12345]]>
              </value>
            </param>
            <param index="1">
              <value>
                <![CDATA[6789]]>
              </value>
            </param>
          </params>
          <reporter-output>
            <line>
              <![CDATA[on test Start]]>
            </line>
            <line>
              <![CDATA[Log in to Facebook]]>
            </line>
            <line>
              <![CDATA[https://www.facebook.com/login/?privacy_mutation_token=eyJ0eXBlIjowLCJjcmVhdGlvbl90aW1lIjoxNzIwMDk2ODU3LCJjYWxsc2l0ZV9pZCI6MzgxMjI5MDc5NTc1OTQ2fQ%3D%3D&next]]>
            </line>
            <line>
              <![CDATA[on test Success]]>
            </line>
          </reporter-output>
        </test-method> <!-- faceBook -->
        <test-method signature="faceBook(java.lang.String,java.lang.String)[pri:0, instance:testNG_programs.TestCase_10@31e5415e]" started-at="2024-07-04T18:11:05 IST" name="faceBook" data-provider="data" finished-at="2024-07-04T18:11:19 IST" duration-ms="14598" status="PASS">
          <params>
            <param index="0">
              <value>
                <![CDATA[admin@123]]>
              </value>
            </param>
            <param index="1">
              <value>
                <![CDATA[manager@123]]>
              </value>
            </param>
          </params>
          <reporter-output>
            <line>
              <![CDATA[on test Start]]>
            </line>
            <line>
              <![CDATA[Facebook – log in or sign up]]>
            </line>
            <line>
              <![CDATA[https://www.facebook.com/login/?privacy_mutation_token=eyJ0eXBlIjowLCJjcmVhdGlvbl90aW1lIjoxNzIwMDk2ODY4LCJjYWxsc2l0ZV9pZCI6MzgxMjI5MDc5NTc1OTQ2fQ%3D%3D&next]]>
            </line>
            <line>
              <![CDATA[on test Success]]>
            </line>
          </reporter-output>
        </test-method> <!-- faceBook -->
        <test-method signature="faceBook(java.lang.String,java.lang.String)[pri:0, instance:testNG_programs.TestCase_10@31e5415e]" started-at="2024-07-04T18:11:19 IST" name="faceBook" data-provider="data" finished-at="2024-07-04T18:11:30 IST" duration-ms="11239" status="PASS">
          <params>
            <param index="0">
              <value>
                <![CDATA[@#$%&]]>
              </value>
            </param>
            <param index="1">
              <value>
                <![CDATA[*&#@%]]>
              </value>
            </param>
          </params>
          <reporter-output>
            <line>
              <![CDATA[on test Start]]>
            </line>
            <line>
              <![CDATA[Log in to Facebook]]>
            </line>
            <line>
              <![CDATA[https://www.facebook.com/login/?privacy_mutation_token=eyJ0eXBlIjowLCJjcmVhdGlvbl90aW1lIjoxNzIwMDk2ODgzLCJjYWxsc2l0ZV9pZCI6MzgxMjI5MDc5NTc1OTQ2fQ%3D%3D&next]]>
            </line>
            <line>
              <![CDATA[on test Success]]>
            </line>
          </reporter-output>
        </test-method> <!-- faceBook -->
      </class> <!-- testNG_programs.TestCase_10 -->
    </test> <!-- Default test -->
  </suite> <!-- Default suite -->
</testng-results>
