<?xml version="1.0" encoding="UTF-8"?>
<!-- Generated by org.testng.reporters.JUnitXMLReporter -->
<testsuite ignored="0" hostname="LAPTOP-TI0RNES2" failures="0" tests="4" name="ChromeTest" time="53.839" errors="0" timestamp="2024-07-02T15:00:50 IST">
  <testcase classname="testNG_programs.TestCase_5" name="facebookLogin" time="8.219"/>
  <testcase classname="testNG_programs.TestCase_6" name="skillRary" time="8.391"/>
  <testcase classname="testNG_programs.TestCase_7" name="ebay" time="7.266"/>
  <testcase classname="testNG_programs.TestCase_8" name="instagramLogin" time="2.45"/>
</testsuite> <!-- ChromeTest -->
