<?xml version="1.0" encoding="UTF-8"?>
<!-- Generated by org.testng.reporters.JUnitXMLReporter -->
<testsuite ignored="2" hostname="LAPTOP-TI0RNES2" failures="0" tests="1" name="Test" time="0.034" errors="0" timestamp="2024-07-02T15:51:49 IST">
  <testcase classname="testNG_programs.Test14" name="deleteCustomer" time="0.004"/>
  <testcase classname="testNG_programs.Test14" name="createCustomer" time="0.0">
    <ignored/>
  </testcase> <!-- createCustomer -->
  <testcase classname="testNG_programs.Test14" name="updateCustomer" time="0.0">
    <ignored/>
  </testcase> <!-- updateCustomer -->
</testsuite> <!-- Test -->
