<?xml version="1.0" encoding="UTF-8"?>
<!-- Generated by org.testng.reporters.JUnitXMLReporter -->
<testsuite ignored="0" hostname="LAPTOP-TI0RNES2" failures="0" tests="4" name="Default test" time="50.698" errors="0" timestamp="2024-07-04T18:11:31 IST">
  <testcase classname="testNG_programs.TestCase_10" name="faceBook" time="16.262"/>
  <testcase classname="testNG_programs.TestCase_10" name="faceBook" time="8.525"/>
  <testcase classname="testNG_programs.TestCase_10" name="faceBook" time="14.598"/>
  <testcase classname="testNG_programs.TestCase_10" name="faceBook" time="11.239"/>
</testsuite> <!-- Default test -->
