<?xml version="1.0" encoding="UTF-8"?>
<!-- Generated by org.testng.reporters.JUnitReportReporter -->
<testsuite hostname="LAPTOP-TI0RNES2" failures="0" tests="1" name="testNG_programs.TestCase_1" time="11.661" errors="0" timestamp="2024-07-02T15:02:14 IST" skipped="0">
  <testcase classname="testNG_programs.TestCase_1" name="facebookLogin" time="11.661"/>
  <system-out>
    <![CDATA[Facebook – log in or sign up
https://www.facebook.com/login/?privacy_mutation_token=eyJ0eXBlIjowLCJjcmVhdGlvbl90aW1lIjoxNzE5OTEyNzA3LCJjYWxsc2l0ZV9pZCI6MzgxMjI5MDc5NTc1OTQ2fQ%3D%3D&next]]>
  </system-out>
</testsuite> <!-- testNG_programs.TestCase_1 -->
