<?xml version="1.0" encoding="UTF-8"?>
<!-- Generated by org.testng.reporters.JUnitReportReporter -->
<testsuite hostname="LAPTOP-TI0RNES2" failures="0" tests="1" name="testNG_programs.Test8" time="12.965" errors="0" timestamp="2024-07-02T13:23:19 IST" skipped="0">
  <testcase classname="testNG_programs.Test8" name="facebookLogin" time="12.965"/>
  <system-out>
    <![CDATA[Facebook – log in or sign up
https://www.facebook.com/login/?privacy_mutation_token=eyJ0eXBlIjowLCJjcmVhdGlvbl90aW1lIjoxNzE5OTA2Nzg4LCJjYWxsc2l0ZV9pZCI6MzgxMjI5MDc5NTc1OTQ2fQ%3D%3D&next]]>
  </system-out>
</testsuite> <!-- testNG_programs.Test8 -->
